<?xml version="1.0" encoding="utf-8"?><testsuites name="pytest tests"><testsuite name="pytest" errors="0" failures="0" skipped="0" tests="15" time="1.409" timestamp="2026-09-21T20:57:50.396609+05:30" hostname="hypercodes-MacBook-Air.local"><testcase classname="tests.backend.api.tests.test_auth" name="test_login_with_valid_credentials" time="0.183" /><testcase classname="tests.backend.api.tests.test_auth" name="test_login_with_invalid_password" time="0.112" /><testcase classname="tests.backend.api.tests.test_health" name="test_health_endpoint_returns_ok" time="0.061" /><testcase classname="tests.backend.api.tests.test_health" name="test_readiness_endpoint_returns_ready" time="0.068" /><testcase classname="tests.backend.api.tests.test_health" name="test_readiness_endpoint_returns_503_when_database_is_down" time="0.061" /><testcase classname="tests.backend.api.tests.test_incidents" name="test_list_incidents_returns_empty_collection" time="0.063" /><testcase classname="tests.backend.api.tests.test_incidents" name="test_create_incident_with_valid_data" time="0.065" /><testcase classname="tests.backend.api.tests.test_incidents" name="test_list_incidents_returns_newest_first" time="0.062" /><testcase classname="tests.backend.api.tests.test_incidents" name="test_list_incidents_returns_503_when_database_fails" time="0.061" /><testcase classname="tests.backend.api.tests.test_incidents" name="test_create_incident_returns_503_when_database_fails" time="0.061" /><testcase classname="tests.backend.api.tests.test_tenants" name="test_create_tenant_with_valid_data" time="0.114" /><testcase classname="tests.backend.api.tests.test_tenants" name="test_get_existing_tenant" time="0.117" /><testcase classname="tests.backend.api.tests.test_tenants" name="test_update_existing_tenant" time="0.121" /><testcase classname="tests.backend.api.tests.test_tenants" name="test_delete_existing_tenant" time="0.119" /><testcase classname="tests.backend.api.tests.test_tenants" name="test_list_tenants_returns_created_tenant" time="0.116" /></testsuite></testsuites>