<?xml version="1.0" encoding="utf-8"?><testsuites name="pytest tests"><testsuite name="pytest" errors="0" failures="0" skipped="1" tests="1" time="0.109" timestamp="2026-09-21T20:22:01.308244+05:30" hostname="hypercodes-MacBook-Air.local"><testcase classname="tests.gui.selenium.test_login_page" name="test_login_page_renders_core_fields" time="0.003"><skipped type="pytest.skip" message="Set SELENIUM_REMOTE_URL to run Selenium GUI tests.">/Users/hypercode/cluster-reactor/tests/gui/selenium/test_login_page.py:13: Set SELENIUM_REMOTE_URL to run Selenium GUI tests.</skipped></testcase></testsuite></testsuites>